/usr/bin/g++ -c -o monasq.o -nostdlib -nostdinc -UWIN32 -U_WIN32 -Wall -fno-builtin -O3 -DMONA -DDEBUG_BUILD -DHOST_CYGWIN -fno-exceptions -fno-rtti -DMONASQ -DDEBUG -I/home/shimizu/sf.net/mona/include -I/home/shimizu/sf.net/mona/include/stlport -I./ -I./sq/include -I./sqplus monasq.cpp
In file included from monasq.cpp:27:
./sqplus/sqplus.h: In function `T* SqPlus::GetInstance(SQVM*, SQInteger)':
./sqplus/sqplus.h:549: warning: statement has no effect
/usr/bin/g++ -c -o monasq_monapi.o -nostdlib -nostdinc -UWIN32 -U_WIN32 -Wall -fno-builtin -O3 -DMONA -DDEBUG_BUILD -DHOST_CYGWIN -fno-exceptions -fno-rtti -DMONASQ -DDEBUG -I/home/shimizu/sf.net/mona/include -I/home/shimizu/sf.net/mona/include/stlport -I./ -I./sq/include -I./sqplus monasq_monapi.cpp
In file included from monasq_monapi.cpp:27:
./sqplus/sqplus.h: In function `T* SqPlus::GetInstance(SQVM*, SQInteger)':
./sqplus/sqplus.h:549: warning: statement has no effect
monasq_monapi.cpp: At global scope:
monasq_monapi.cpp:113: error: `FILE_OPEN_READ' was not declared in this scope
monasq_monapi.cpp:114: error: `FILE_OPEN_NORMAL_WRITE' was not declared in this scope
monasq_monapi.cpp:115: error: `FILE_OPEN_APPEND_WRITE' was not declared in this scope
monasq_monapi.cpp: In function `SquirrelObject wrapper_monapi_call_file_read_directory(const char*, int)':
monasq_monapi.cpp:500: error: `monapi_call_file_read_directory' undeclared (first use this function)
monasq_monapi.cpp:500: error: (Each undeclared identifier is reported only once for each function it appears in.)
monasq_monapi.cpp: In function `int wrapper_monapi_call_file_read_data(SQVM*)':
monasq_monapi.cpp:524: error: `monapi_call_file_read_data' undeclared (first use this function)
monasq_monapi.cpp: In function `SquirrelObject wrapper_monapi_call_get_current_directory()':
monasq_monapi.cpp:538: error: `monapi_call_get_current_directory' undeclared (first use this function)
monasq_monapi.cpp: In function `void monasq_init_monapi_lib(SQVM*)':
monasq_monapi.cpp:688: error: `monapi_call_file_open' undeclared (first use this function)
monasq_monapi.cpp:689: error: `monapi_call_file_get_file_size' undeclared (first use this function)
monasq_monapi.cpp:690: error: `monapi_call_file_seek' undeclared (first use this function)
monasq_monapi.cpp:691: error: `monapi_call_file_close' undeclared (first use this function)
monasq_monapi.cpp:699: error: `monapi_call_get_current_drive' undeclared (first use this function)
monasq_monapi.cpp:701: error: `monapi_call_change_directory' undeclared (first use this function)
./sqplus/sqplus.h: In function `T* SqPlus::GetInstance(SQVM*, SQInteger) [with T = SqSharedMemory, bool ExceptionOnError =  false]':
monasq_monapi.cpp:351:   instantiated from here
./sqplus/sqplus.h:549: warning: statement has no effect
./sqplus/sqplus.h: In function `T* SqPlus::GetInstance(SQVM*, SQInteger) [with T = SqSharedMemory, bool ExceptionOnError =  true]':
monasq_monapi.cpp:351:   instantiated from here
./sqplus/sqplus.h:549: warning: statement has no effect
make: *** [monasq_monapi.o] Error 1
